C:\Users\lzz\documents\visual studio 2010\Projects\weather\weather\Debug\cl.command.1.tlog
C:\Users\lzz\documents\visual studio 2010\Projects\weather\weather\Debug\CL.read.1.tlog
C:\Users\lzz\documents\visual studio 2010\Projects\weather\weather\Debug\CL.write.1.tlog
C:\Users\lzz\documents\visual studio 2010\Projects\weather\weather\Debug\custombuild.command.1.tlog
C:\Users\lzz\documents\visual studio 2010\Projects\weather\weather\Debug\custombuild.read.1.tlog
C:\Users\lzz\documents\visual studio 2010\Projects\weather\weather\Debug\custombuild.write.1.tlog
C:\Users\lzz\documents\visual studio 2010\Projects\weather\weather\Debug\link.command.1.tlog
C:\Users\lzz\documents\visual studio 2010\Projects\weather\weather\Debug\link.read.1.tlog
C:\Users\lzz\documents\visual studio 2010\Projects\weather\weather\Debug\link.write.1.tlog
C:\USERS\LZZ\DOCUMENTS\VISUAL STUDIO 2010\PROJECTS\WEATHER\WEATHER\DEBUG\MAIN.OBJ
C:\USERS\LZZ\DOCUMENTS\VISUAL STUDIO 2010\PROJECTS\WEATHER\WEATHER\DEBUG\MOC_WEATHER.OBJ
C:\Users\lzz\documents\visual studio 2010\Projects\weather\weather\Debug\mt.command.1.tlog
C:\Users\lzz\documents\visual studio 2010\Projects\weather\weather\Debug\mt.read.1.tlog
C:\Users\lzz\documents\visual studio 2010\Projects\weather\weather\Debug\mt.write.1.tlog
C:\USERS\LZZ\DOCUMENTS\VISUAL STUDIO 2010\PROJECTS\WEATHER\WEATHER\DEBUG\QRC_WEATHER.OBJ
C:\USERS\LZZ\DOCUMENTS\VISUAL STUDIO 2010\PROJECTS\WEATHER\WEATHER\DEBUG\VC100.PDB
C:\USERS\LZZ\DOCUMENTS\VISUAL STUDIO 2010\PROJECTS\WEATHER\WEATHER\DEBUG\WEATHER.EXE.INTERMEDIATE.MANIFEST
C:\USERS\LZZ\DOCUMENTS\VISUAL STUDIO 2010\PROJECTS\WEATHER\WEATHER\DEBUG\WEATHER.OBJ
C:\Users\lzz\documents\visual studio 2010\Projects\weather\weather\Debug\weather.write.1.tlog
C:\USERS\LZZ\DOCUMENTS\VISUAL STUDIO 2010\PROJECTS\WEATHER\WEATHER\GENERATEDFILES\DEBUG\MOC_WEATHER.CPP
C:\USERS\LZZ\DOCUMENTS\VISUAL STUDIO 2010\PROJECTS\WEATHER\WEATHER\GENERATEDFILES\QRC_WEATHER.CPP
C:\USERS\LZZ\DOCUMENTS\VISUAL STUDIO 2010\PROJECTS\WEATHER\WEATHER\GENERATEDFILES\UI_WEATHER.H
C:\USERS\LZZ\DOCUMENTS\VISUAL STUDIO 2010\PROJECTS\WEATHER\WIN32\DEBUG\WEATHER.EXE
C:\USERS\LZZ\DOCUMENTS\VISUAL STUDIO 2010\PROJECTS\WEATHER\WIN32\DEBUG\WEATHER.ILK
C:\USERS\LZZ\DOCUMENTS\VISUAL STUDIO 2010\PROJECTS\WEATHER\WIN32\DEBUG\WEATHER.PDB
