生成启动时间为 2013/7/24 11:38:27。
     1>项目“C:\Users\lzz\documents\visual studio 2010\Projects\weather\weather\weather.vcxproj”在节点 2 上(rebuild 个目标)。
     1>_PrepareForClean:
         正在删除文件“Release\weather.lastbuildstate”。
       InitializeBuildStatus:
         正在创建“Release\weather.unsuccessfulbuild”，因为已指定“AlwaysCreate”。
       CustomBuild:
         Moc'ing weather.h...
         Uic'ing weather.ui...
         Rcc'ing weather.qrc...
     1>RCC : warning : No resources in 'C:\Users\lzz\documents\visual studio 2010\Projects\weather\weather\weather.qrc'.
         
       ClCompile:
         C:\Program Files (x86)\Microsoft Visual Studio 10.0\VC\bin\CL.exe /c /I.\GeneratedFiles /I. /IC:\Qt\4.8.5\include /I.\GeneratedFiles\Release /IC:\Qt\4.8.5\include\QtCore /IC:\Qt\4.8.5\include\QtGui /IC:\Qt\4.8.5\include\QtNetwork /IC:\Qt\4.8.5\include\QtHelp /IC:\Qt\4.8.5\include\QtWebKit /IC:\Qt\4.8.5\include\phonon /IC:\Qt\4.8.5\include\QtXml /IC:\Qt\4.8.5\include\QtXmlPatterns /IC:\Qt\4.8.5\include\QtDeclarative /IC:\Qt\4.8.5\include\QtScriptTools /IC:\Qt\4.8.5\include\QtScript /nologo /W1 /WX- /O2 /Oy- /D UNICODE /D WIN32 /D QT_DLL /D QT_NO_DEBUG /D NDEBUG /D QT_CORE_LIB /D QT_GUI_LIB /D QT_NETWORK_LIB /D QT_WEBKIT_LIB /D QT_PHONON_LIB /D QT_XML_LIB /D QT_XMLPATTERNS_LIB /D QT_DECLARATIVE_LIB /D QT_SCRIPTTOOLS_LIB /D QT_SCRIPT_LIB /Gm- /EHsc /MD /GS /fp:precise /Zc:wchar_t- /Zc:forScope /Fo"Release\\" /Fd"Release\vc100.pdb" /Gd /TP /analyze- /errorReport:prompt GeneratedFiles\qrc_weather.cpp
         qrc_weather.cpp
         C:\Program Files (x86)\Microsoft Visual Studio 10.0\VC\bin\CL.exe /c /I.\GeneratedFiles /I. /IC:\Qt\4.8.5\include /I.\GeneratedFiles\Release /IC:\Qt\4.8.5\include\QtCore /IC:\Qt\4.8.5\include\QtGui /IC:\Qt\4.8.5\include\QtNetwork /IC:\Qt\4.8.5\include\QtHelp /IC:\Qt\4.8.5\include\QtWebKit /IC:\Qt\4.8.5\include\phonon /IC:\Qt\4.8.5\include\QtXml /IC:\Qt\4.8.5\include\QtXmlPatterns /IC:\Qt\4.8.5\include\QtDeclarative /IC:\Qt\4.8.5\include\QtScriptTools /IC:\Qt\4.8.5\include\QtScript /nologo /W1 /WX- /O2 /Oy- /D UNICODE /D WIN32 /D QT_DLL /D QT_NO_DEBUG /D NDEBUG /D QT_CORE_LIB /D QT_GUI_LIB /D QT_NETWORK_LIB /D QT_WEBKIT_LIB /D QT_PHONON_LIB /D QT_XML_LIB /D QT_XMLPATTERNS_LIB /D QT_DECLARATIVE_LIB /D QT_SCRIPTTOOLS_LIB /D QT_SCRIPT_LIB /Gm- /EHsc /MD /GS /fp:precise /Zc:wchar_t- /Zc:forScope /Fo"Release\\" /Fd"Release\vc100.pdb" /Gd /TP /analyze- /errorReport:prompt GeneratedFiles\Release\moc_weather.cpp main.cpp weather.cpp
         moc_weather.cpp
         main.cpp
         weather.cpp
         正在生成代码...
       Link:
         C:\Program Files (x86)\Microsoft Visual Studio 10.0\VC\bin\link.exe /ERRORREPORT:PROMPT /OUT:"C:\Users\lzz\documents\visual studio 2010\Projects\weather\Win32\Release\\weather.exe" /NOLOGO /LIBPATH:C:\Qt\4.8.5\lib qtmain.lib QtCore4.lib QtGui4.lib QtNetwork4.lib QtHelp4.lib QtWebKit4.lib phonon4.lib QtXml4.lib QtXmlPatterns4.lib QtDeclarative4.lib QtScriptTools4.lib QtScript4.lib kernel32.lib user32.lib gdi32.lib winspool.lib comdlg32.lib advapi32.lib shell32.lib ole32.lib oleaut32.lib uuid.lib odbc32.lib odbccp32.lib /MANIFEST /ManifestFile:"Release\weather.exe.intermediate.manifest" /MANIFESTUAC:"level='asInvoker' uiAccess='false'" /PDB:"C:\Users\lzz\documents\visual studio 2010\Projects\weather\Win32\Release\weather.pdb" /SUBSYSTEM:WINDOWS /TLBID:1 /DYNAMICBASE /NXCOMPAT /IMPLIB:"C:\Users\lzz\documents\visual studio 2010\Projects\weather\Win32\Release\weather.lib" /MACHINE:X86 Release\qrc_weather.obj
         Release\moc_weather.obj
         Release\main.obj
         Release\weather.obj
         weather.vcxproj -> C:\Users\lzz\documents\visual studio 2010\Projects\weather\Win32\Release\weather.exe
       Manifest:
         C:\Program Files (x86)\Microsoft SDKs\Windows\v7.0A\bin\mt.exe /nologo /verbose /outputresource:"C:\Users\lzz\documents\visual studio 2010\Projects\weather\Win32\Release\\weather.exe;#1" /manifest Release\weather.exe.intermediate.manifest
       FinalizeBuildStatus:
         正在删除文件“Release\weather.unsuccessfulbuild”。
         正在对“Release\weather.lastbuildstate”执行 Touch 任务。
     1>已完成生成项目“C:\Users\lzz\documents\visual studio 2010\Projects\weather\weather\weather.vcxproj”(rebuild 个目标)的操作。

生成成功。

已用时间 00:00:10.41
