C:\USERS\LZZ\DOCUMENTS\VISUAL STUDIO 2010\PROJECTS\WEATHER\WEATHER\GENERATEDFILES\QRC_WEATHER.CPP
C:\USERS\LZZ\DOCUMENTS\VISUAL STUDIO 2010\PROJECTS\WEATHER\WEATHER\GENERATEDFILES\RELEASE\MOC_WEATHER.CPP
C:\USERS\LZZ\DOCUMENTS\VISUAL STUDIO 2010\PROJECTS\WEATHER\WEATHER\GENERATEDFILES\UI_WEATHER.H
C:\Users\lzz\documents\visual studio 2010\Projects\weather\weather\Release\cl.command.1.tlog
C:\Users\lzz\documents\visual studio 2010\Projects\weather\weather\Release\CL.read.1.tlog
C:\Users\lzz\documents\visual studio 2010\Projects\weather\weather\Release\CL.write.1.tlog
C:\Users\lzz\documents\visual studio 2010\Projects\weather\weather\Release\custombuild.command.1.tlog
C:\Users\lzz\documents\visual studio 2010\Projects\weather\weather\Release\custombuild.read.1.tlog
C:\Users\lzz\documents\visual studio 2010\Projects\weather\weather\Release\custombuild.write.1.tlog
C:\Users\lzz\documents\visual studio 2010\Projects\weather\weather\Release\link.command.1.tlog
C:\Users\lzz\documents\visual studio 2010\Projects\weather\weather\Release\link.read.1.tlog
C:\Users\lzz\documents\visual studio 2010\Projects\weather\weather\Release\link.write.1.tlog
C:\USERS\LZZ\DOCUMENTS\VISUAL STUDIO 2010\PROJECTS\WEATHER\WEATHER\RELEASE\MAIN.OBJ
C:\USERS\LZZ\DOCUMENTS\VISUAL STUDIO 2010\PROJECTS\WEATHER\WEATHER\RELEASE\MOC_WEATHER.OBJ
C:\Users\lzz\documents\visual studio 2010\Projects\weather\weather\Release\mt.command.1.tlog
C:\Users\lzz\documents\visual studio 2010\Projects\weather\weather\Release\mt.read.1.tlog
C:\Users\lzz\documents\visual studio 2010\Projects\weather\weather\Release\mt.write.1.tlog
C:\USERS\LZZ\DOCUMENTS\VISUAL STUDIO 2010\PROJECTS\WEATHER\WEATHER\RELEASE\QRC_WEATHER.OBJ
C:\USERS\LZZ\DOCUMENTS\VISUAL STUDIO 2010\PROJECTS\WEATHER\WEATHER\RELEASE\WEATHER.EXE.INTERMEDIATE.MANIFEST
C:\USERS\LZZ\DOCUMENTS\VISUAL STUDIO 2010\PROJECTS\WEATHER\WEATHER\RELEASE\WEATHER.OBJ
C:\USERS\LZZ\DOCUMENTS\VISUAL STUDIO 2010\PROJECTS\WEATHER\WIN32\RELEASE\WEATHER.EXE
